<?xml version="1.0" encoding="UTF-8"?>
<!-- Generated by org.testng.reporters.JUnitReportReporter -->
<testsuite hostname="KQ-LP-005" failures="0" tests="12" name="TestClass.MyInfoTestNG" time="12.797" errors="0" timestamp="2024-06-10T15:01:33 IST" skipped="0">
  <testcase classname="TestClass.MyInfoTestNG" name="login" time="4.644"/>
  <testcase classname="TestClass.MyInfoTestNG" name="locators" time="0.015"/>
  <testcase classname="TestClass.MyInfoTestNG" name="enterFirstName" time="2.183"/>
  <testcase classname="TestClass.MyInfoTestNG" name="enterMiddleName" time="0.460"/>
  <testcase classname="TestClass.MyInfoTestNG" name="enterLastName" time="0.445"/>
  <testcase classname="TestClass.MyInfoTestNG" name="enterEmpId" time="0.404"/>
  <testcase classname="TestClass.MyInfoTestNG" name="enterOtherID" time="0.490"/>
  <testcase classname="TestClass.MyInfoTestNG" name="enterLicence" time="0.517"/>
  <testcase classname="TestClass.MyInfoTestNG" name="selectionOfExpiry" time="2.026"/>
  <testcase classname="TestClass.MyInfoTestNG" name="selectionOfNationality" time="0.422"/>
  <testcase classname="TestClass.MyInfoTestNG" name="selectionOfMarital" time="0.409"/>
  <testcase classname="TestClass.MyInfoTestNG" name="clickOnSubmit" time="0.782"/>
</testsuite> <!-- TestClass.MyInfoTestNG -->
