<?xml version="1.0" encoding="UTF-8"?>
<!-- Generated by org.testng.reporters.JUnitReportReporter -->
<testsuite hostname="KQ-LP-005" failures="0" tests="2" name="TestClass.MyInfoDirectTestNG" time="12.282" errors="0" timestamp="2024-06-10T16:29:42 IST" skipped="0">
  <testcase classname="TestClass.MyInfoDirectTestNG" name="login" time="3.507"/>
  <testcase classname="TestClass.MyInfoDirectTestNG" name="addDetails" time="8.775"/>
</testsuite> <!-- TestClass.MyInfoDirectTestNG -->
