<?xml version="1.0" encoding="UTF-8"?>
<!-- Generated by org.testng.reporters.JUnitReportReporter -->
<testsuite hostname="KQ-LP-005" failures="0" tests="2" name="com.kiwiqa.testclass.MyInfoDirectTestNG" time="18.336" errors="0" timestamp="2024-06-14T15:12:50 IST" skipped="0">
  <testcase classname="com.kiwiqa.testclass.MyInfoDirectTestNG" name="login" time="7.278"/>
  <testcase classname="com.kiwiqa.testclass.MyInfoDirectTestNG" name="addDetails" time="11.058"/>
</testsuite> <!-- com.kiwiqa.testclass.MyInfoDirectTestNG -->
