<?xml version="1.0" encoding="UTF-8"?>
<!-- Generated by org.testng.reporters.JUnitReportReporter -->
<testsuite hostname="JEEL" failures="0" tests="2" name="com.kiwiqa.extentreport.OrangeHRMExtentReport" time="4.640" errors="0" timestamp="2024-07-13T01:49:48 IST" skipped="0">
  <testcase classname="com.kiwiqa.extentreport.OrangeHRMExtentReport" name="login" time="2.654"/>
  <system-out/>
  <testcase classname="com.kiwiqa.extentreport.OrangeHRMExtentReport" name="addDetails" time="1.986"/>
  <system-out/>
</testsuite> <!-- com.kiwiqa.extentreport.OrangeHRMExtentReport -->
