<?xml version="1.0" encoding="UTF-8"?>
<!-- Generated by org.testng.reporters.JUnitReportReporter -->
<testsuite hostname="JEEL" failures="0" tests="2" name="com.kiwiqa.extentreport.OrangeHRMExtentReport" time="6.809" errors="0" timestamp="2024-07-13T01:51:01 IST" skipped="0">
  <testcase classname="com.kiwiqa.extentreport.OrangeHRMExtentReport" name="login" time="2.792"/>
  <testcase classname="com.kiwiqa.extentreport.OrangeHRMExtentReport" name="addDetails" time="4.017"/>
</testsuite> <!-- com.kiwiqa.extentreport.OrangeHRMExtentReport -->
